
*** Running vivado
    with args -log router_fsm_tb.vds -m64 -product Vivado -mode batch -messageDb vivado.pb -notrace -source router_fsm_tb.tcl



****** Vivado v2022.2 (64-bit)
  **** SW Build 3671981 on Fri Oct 14 05:00:03 MDT 2022
  **** IP Build 3669848 on Fri Oct 14 08:30:02 MDT 2022
    ** Copyright 1986-2022 Xilinx, Inc. All Rights Reserved.

source router_fsm_tb.tcl -notrace
Command: read_checkpoint -auto_incremental -incremental D:/Design-of-Router-1x3/router_fsm/router_fsm.srcs/utils_1/imports/synth_1/router_fsm_tb.dcp
INFO: [Vivado 12-5825] Read reference checkpoint from D:/Design-of-Router-1x3/router_fsm/router_fsm.srcs/utils_1/imports/synth_1/router_fsm_tb.dcp for incremental synthesis
INFO: [Vivado 12-7989] Please ensure there are no constraint changes
Command: synth_design -top router_fsm_tb -part xc7a200tfbg676-2
Starting synth_design
Attempting to get a license for feature 'Synthesis' and/or device 'xc7a200t'
INFO: [Common 17-349] Got license for feature 'Synthesis' and/or device 'xc7a200t'
INFO: [Designutils 20-5440] No compile time benefit to using incremental synthesis; A full resynthesis will be run
INFO: [Designutils 20-4379] Flow is switching to default flow due to incremental criteria not met. If you would like to alter this behaviour and have the flow terminate instead, please set the following parameter config_implementation {autoIncr.Synth.RejectBehavior Terminate}
INFO: [Synth 8-7079] Multithreading enabled for synth_design using a maximum of 2 processes.
INFO: [Synth 8-7078] Launching helper process for spawning children vivado processes
INFO: [Synth 8-7075] Helper process launched with PID 15300
INFO: [Synth 8-11241] undeclared symbol 'REGCCE', assumed default net type 'wire' [D:/Vivado/2022.2/data/verilog/src/unimacro/BRAM_SINGLE_MACRO.v:2170]
WARNING: [Synth 8-10714] extra semicolon is not allowed here in this dialect; use SystemVerilog mode instead [D:/Design-of-Router-1x3/router_fsm/router_fsm.srcs/sources_1/new/router_fsm.v:102]
---------------------------------------------------------------------------------
Starting Synthesize : Time (s): cpu = 00:00:04 ; elapsed = 00:00:05 . Memory (MB): peak = 837.309 ; gain = 410.848
---------------------------------------------------------------------------------
INFO: [Synth 8-6157] synthesizing module 'router_fsm_tb' [D:/Design-of-Router-1x3/router_fsm/router_fsm.srcs/sources_1/new/router_fms_tb.v:3]
INFO: [Synth 8-6157] synthesizing module 'router_fsm' [D:/Design-of-Router-1x3/router_fsm/router_fsm.srcs/sources_1/new/router_fsm.v:23]
INFO: [Synth 8-226] default block is never used [D:/Design-of-Router-1x3/router_fsm/router_fsm.srcs/sources_1/new/router_fsm.v:62]
INFO: [Synth 8-6155] done synthesizing module 'router_fsm' (0#1) [D:/Design-of-Router-1x3/router_fsm/router_fsm.srcs/sources_1/new/router_fsm.v:23]
WARNING: [Synth 8-85] always block has no event control specified [D:/Design-of-Router-1x3/router_fsm/router_fsm.srcs/sources_1/new/router_fms_tb.v:55]
INFO: [Synth 8-251] Current state: 3'bxxx [D:/Design-of-Router-1x3/router_fsm/router_fsm.srcs/sources_1/new/router_fms_tb.v:183]
INFO: [Synth 8-251] Next state: 3'bxxx [D:/Design-of-Router-1x3/router_fsm/router_fsm.srcs/sources_1/new/router_fms_tb.v:184]
INFO: [Synth 8-6155] done synthesizing module 'router_fsm_tb' (0#1) [D:/Design-of-Router-1x3/router_fsm/router_fsm.srcs/sources_1/new/router_fms_tb.v:3]
---------------------------------------------------------------------------------
Finished Synthesize : Time (s): cpu = 00:00:05 ; elapsed = 00:00:07 . Memory (MB): peak = 927.332 ; gain = 500.871
---------------------------------------------------------------------------------
---------------------------------------------------------------------------------
Finished Constraint Validation : Time (s): cpu = 00:00:05 ; elapsed = 00:00:07 . Memory (MB): peak = 927.332 ; gain = 500.871
---------------------------------------------------------------------------------
---------------------------------------------------------------------------------
Start Loading Part and Timing Information
---------------------------------------------------------------------------------
Loading part: xc7a200tfbg676-2
---------------------------------------------------------------------------------
Finished Loading Part and Timing Information : Time (s): cpu = 00:00:05 ; elapsed = 00:00:07 . Memory (MB): peak = 927.332 ; gain = 500.871
---------------------------------------------------------------------------------
INFO: [Device 21-403] Loading part xc7a200tfbg676-2
INFO: [Synth 8-802] inferred FSM for state register 'state_reg' in module 'router_fsm'
INFO: [Synth 8-6159] Found Keep on FSM register 'next_state_reg' in module 'router_fsm', re-encoding will not be performed
---------------------------------------------------------------------------------------------------
                   State |                     New Encoding |                Previous Encoding 
---------------------------------------------------------------------------------------------------
          DECODE_ADDRESS |                              000 |                              000
         WAIT_TILL_EMPTY |                              110 |                              110
         LOAD_FIRST_DATA |                              001 |                              001
               LOAD_DATA |                              010 |                              010
             LOAD_PARITY |                              011 |                              011
      CHECK_PARITY_ERROR |                              111 |                              111
         FIFO_FULL_STATE |                              100 |                              100
         LOAD_AFTER_FULL |                              101 |                              101
---------------------------------------------------------------------------------------------------
INFO: [Synth 8-6159] Found Keep on FSM register 'state_reg' in module 'router_fsm', re-encoding will not be performed
---------------------------------------------------------------------------------------------------
                   State |                     New Encoding |                Previous Encoding 
---------------------------------------------------------------------------------------------------
          DECODE_ADDRESS |                              000 |                              000
         WAIT_TILL_EMPTY |                              110 |                              110
         LOAD_FIRST_DATA |                              001 |                              001
               LOAD_DATA |                              010 |                              010
             LOAD_PARITY |                              011 |                              011
      CHECK_PARITY_ERROR |                              111 |                              111
         FIFO_FULL_STATE |                              100 |                              100
         LOAD_AFTER_FULL |                              101 |                              101
---------------------------------------------------------------------------------------------------
---------------------------------------------------------------------------------
Finished RTL Optimization Phase 2 : Time (s): cpu = 00:00:05 ; elapsed = 00:00:08 . Memory (MB): peak = 927.332 ; gain = 500.871
---------------------------------------------------------------------------------
No constraint files found.
---------------------------------------------------------------------------------
Start RTL Component Statistics 
---------------------------------------------------------------------------------
Detailed RTL Component Info : 
+---Muxes : 
	   8 Input    3 Bit        Muxes := 1     
	   2 Input    3 Bit        Muxes := 12    
	   3 Input    3 Bit        Muxes := 1     
	   4 Input    3 Bit        Muxes := 1     
	   2 Input    2 Bit        Muxes := 2     
---------------------------------------------------------------------------------
Finished RTL Component Statistics 
---------------------------------------------------------------------------------
---------------------------------------------------------------------------------
Start Part Resource Summary
---------------------------------------------------------------------------------
Part Resources:
DSPs: 740 (col length:100)
BRAMs: 730 (col length: RAMB18 100 RAMB36 50)
---------------------------------------------------------------------------------
Finished Part Resource Summary
---------------------------------------------------------------------------------
No constraint files found.
---------------------------------------------------------------------------------
Start Cross Boundary and Area Optimization
---------------------------------------------------------------------------------
WARNING: [Synth 8-7080] Parallel synthesis criteria is not met
---------------------------------------------------------------------------------
Finished Cross Boundary and Area Optimization : Time (s): cpu = 00:00:08 ; elapsed = 00:00:13 . Memory (MB): peak = 1164.984 ; gain = 738.523
---------------------------------------------------------------------------------
No constraint files found.
---------------------------------------------------------------------------------
Start Timing Optimization
---------------------------------------------------------------------------------
---------------------------------------------------------------------------------
Finished Timing Optimization : Time (s): cpu = 00:00:08 ; elapsed = 00:00:13 . Memory (MB): peak = 1167.879 ; gain = 741.418
---------------------------------------------------------------------------------
---------------------------------------------------------------------------------
Start Technology Mapping
---------------------------------------------------------------------------------
---------------------------------------------------------------------------------
Finished Technology Mapping : Time (s): cpu = 00:00:08 ; elapsed = 00:00:14 . Memory (MB): peak = 1168.066 ; gain = 741.605
---------------------------------------------------------------------------------
---------------------------------------------------------------------------------
Start IO Insertion
---------------------------------------------------------------------------------
---------------------------------------------------------------------------------
Start Flattening Before IO Insertion
---------------------------------------------------------------------------------
---------------------------------------------------------------------------------
Finished Flattening Before IO Insertion
---------------------------------------------------------------------------------
---------------------------------------------------------------------------------
Start Final Netlist Cleanup
---------------------------------------------------------------------------------
---------------------------------------------------------------------------------
Finished Final Netlist Cleanup
---------------------------------------------------------------------------------
---------------------------------------------------------------------------------
Finished IO Insertion : Time (s): cpu = 00:00:12 ; elapsed = 00:00:18 . Memory (MB): peak = 1168.066 ; gain = 741.605
---------------------------------------------------------------------------------
---------------------------------------------------------------------------------
Start Renaming Generated Instances
---------------------------------------------------------------------------------
---------------------------------------------------------------------------------
Finished Renaming Generated Instances : Time (s): cpu = 00:00:12 ; elapsed = 00:00:18 . Memory (MB): peak = 1168.066 ; gain = 741.605
---------------------------------------------------------------------------------
---------------------------------------------------------------------------------
Start Rebuilding User Hierarchy
---------------------------------------------------------------------------------
---------------------------------------------------------------------------------
Finished Rebuilding User Hierarchy : Time (s): cpu = 00:00:12 ; elapsed = 00:00:18 . Memory (MB): peak = 1168.066 ; gain = 741.605
---------------------------------------------------------------------------------
---------------------------------------------------------------------------------
Start Renaming Generated Ports
---------------------------------------------------------------------------------
---------------------------------------------------------------------------------
Finished Renaming Generated Ports : Time (s): cpu = 00:00:12 ; elapsed = 00:00:18 . Memory (MB): peak = 1168.066 ; gain = 741.605
---------------------------------------------------------------------------------
---------------------------------------------------------------------------------
Start Handling Custom Attributes
---------------------------------------------------------------------------------
---------------------------------------------------------------------------------
Finished Handling Custom Attributes : Time (s): cpu = 00:00:12 ; elapsed = 00:00:18 . Memory (MB): peak = 1168.066 ; gain = 741.605
---------------------------------------------------------------------------------
---------------------------------------------------------------------------------
Start Renaming Generated Nets
---------------------------------------------------------------------------------
---------------------------------------------------------------------------------
Finished Renaming Generated Nets : Time (s): cpu = 00:00:12 ; elapsed = 00:00:18 . Memory (MB): peak = 1168.066 ; gain = 741.605
---------------------------------------------------------------------------------
---------------------------------------------------------------------------------
Start Writing Synthesis Report
---------------------------------------------------------------------------------

Report BlackBoxes: 
+-+--------------+----------+
| |BlackBox name |Instances |
+-+--------------+----------+
+-+--------------+----------+

Report Cell Usage: 
+------+-----+------+
|      |Cell |Count |
+------+-----+------+
|1     |LUT1 |     1|
|2     |LUT2 |    16|
|3     |LUT4 |     1|
|4     |LUT5 |     2|
|5     |LUT6 |     3|
|6     |FDRE |     3|
+------+-----+------+

Report Instance Areas: 
+------+---------+-----------+------+
|      |Instance |Module     |Cells |
+------+---------+-----------+------+
|1     |top      |           |    26|
|2     |  dut    |router_fsm |    25|
+------+---------+-----------+------+
---------------------------------------------------------------------------------
Finished Writing Synthesis Report : Time (s): cpu = 00:00:12 ; elapsed = 00:00:18 . Memory (MB): peak = 1168.066 ; gain = 741.605
---------------------------------------------------------------------------------
Synthesis finished with 0 errors, 0 critical warnings and 3 warnings.
Synthesis Optimization Runtime : Time (s): cpu = 00:00:12 ; elapsed = 00:00:18 . Memory (MB): peak = 1168.066 ; gain = 741.605
Synthesis Optimization Complete : Time (s): cpu = 00:00:12 ; elapsed = 00:00:18 . Memory (MB): peak = 1168.066 ; gain = 741.605
INFO: [Project 1-571] Translating synthesized netlist
Netlist sorting complete. Time (s): cpu = 00:00:00 ; elapsed = 00:00:00.001 . Memory (MB): peak = 1179.949 ; gain = 0.000
INFO: [Project 1-570] Preparing netlist for logic optimization
INFO: [Opt 31-138] Pushed 0 inverter(s) to 0 load pin(s).
Netlist sorting complete. Time (s): cpu = 00:00:00 ; elapsed = 00:00:00 . Memory (MB): peak = 1284.961 ; gain = 0.000
INFO: [Project 1-111] Unisim Transformation Summary:
No Unisim elements were transformed.

Synth Design complete, checksum: 20b64974
INFO: [Common 17-83] Releasing license: Synthesis
25 Infos, 3 Warnings, 0 Critical Warnings and 0 Errors encountered.
synth_design completed successfully
synth_design: Time (s): cpu = 00:00:13 ; elapsed = 00:00:20 . Memory (MB): peak = 1284.961 ; gain = 865.926
INFO: [Common 17-1381] The checkpoint 'D:/Design-of-Router-1x3/router_fsm/router_fsm.runs/synth_1/router_fsm_tb.dcp' has been generated.
INFO: [runtcl-4] Executing : report_utilization -file router_fsm_tb_utilization_synth.rpt -pb router_fsm_tb_utilization_synth.pb
INFO: [Common 17-206] Exiting Vivado at Fri Aug 11 18:01:08 2023...
